0 info it worked if it ends with ok
1 verbose cli [ '/Users/student/.nvm/versions/node/v6.11.3/bin/node',
1 verbose cli   '/Users/student/.nvm/versions/node/v6.11.3/bin/npm',
1 verbose cli   'run',
1 verbose cli   'build' ]
2 info using npm@3.10.10
3 info using node@v6.11.3
4 verbose run-script [ 'prebuild', 'build', 'postbuild' ]
5 info lifecycle solo-project@1.0.0~prebuild: solo-project@1.0.0
6 silly lifecycle solo-project@1.0.0~prebuild: no script for prebuild, continuing
7 info lifecycle solo-project@1.0.0~build: solo-project@1.0.0
8 verbose lifecycle solo-project@1.0.0~build: unsafe-perm in lifecycle true
9 verbose lifecycle solo-project@1.0.0~build: PATH: /Users/student/.nvm/versions/node/v6.11.3/lib/node_modules/npm/bin/node-gyp-bin:/Users/student/Documents/ReviewSprint/src/node_modules/.bin:/Users/student/.nvm/versions/node/v6.11.3/bin:/usr/local/opt/sqlite/bin:/usr/local/bin:/usr/bin:/bin:/usr/sbin:/sbin
10 verbose lifecycle solo-project@1.0.0~build: CWD: /Users/student/Documents/ReviewSprint/src
11 silly lifecycle solo-project@1.0.0~build: Args: [ '-c', 'webpack -p && webpack-dev-server' ]
12 info lifecycle solo-project@1.0.0~build: Failed to exec build script
13 verbose stack Error: solo-project@1.0.0 build: `webpack -p && webpack-dev-server`
13 verbose stack spawn ENOENT
13 verbose stack     at ChildProcess.<anonymous> (/Users/student/.nvm/versions/node/v6.11.3/lib/node_modules/npm/lib/utils/spawn.js:33:16)
13 verbose stack     at emitTwo (events.js:106:13)
13 verbose stack     at ChildProcess.emit (events.js:191:7)
13 verbose stack     at maybeClose (internal/child_process.js:920:16)
13 verbose stack     at Process.ChildProcess._handle.onexit (internal/child_process.js:230:5)
14 verbose pkgid solo-project@1.0.0
15 verbose cwd /Users/student/Documents/ReviewSprint/src/client
16 error Darwin 16.7.0
17 error argv "/Users/student/.nvm/versions/node/v6.11.3/bin/node" "/Users/student/.nvm/versions/node/v6.11.3/bin/npm" "run" "build"
18 error node v6.11.3
19 error npm  v3.10.10
20 error file sh
21 error code ELIFECYCLE
22 error errno ENOENT
23 error syscall spawn
24 error solo-project@1.0.0 build: `webpack -p && webpack-dev-server`
24 error spawn ENOENT
25 error Failed at the solo-project@1.0.0 build script 'webpack -p && webpack-dev-server'.
25 error Make sure you have the latest version of node.js and npm installed.
25 error If you do, this is most likely a problem with the solo-project package,
25 error not with npm itself.
25 error Tell the author that this fails on your system:
25 error     webpack -p && webpack-dev-server
25 error You can get information on how to open an issue for this project with:
25 error     npm bugs solo-project
25 error Or if that isn't available, you can get their info via:
25 error     npm owner ls solo-project
25 error There is likely additional logging output above.
26 verbose exit [ 1, true ]
